<?xml version="1.0" encoding="UTF-8"?>
<testng-results ignored="0" total="1" passed="1" failed="0" skipped="0">
  <reporter-output>
    <line>
      <![CDATA[validation pass]]>
    </line>
  </reporter-output>
  <suite started-at="2023-04-29T13:02:54 IST" name="Default suite" finished-at="2023-04-29T13:03:11 IST" duration-ms="17381">
    <groups>
      <group name="cucumber">
        <method signature="AbstractTestNGCucumberTests.runScenario(io.cucumber.testng.PickleWrapper,io.cucumber.testng.FeatureWrapper)[pri:0, instance:Runner.RunnerIO@6bd61f98]" name="runScenario" class="io.cucumber.testng.AbstractTestNGCucumberTests"/>
      </group> <!-- cucumber -->
    </groups>
    <test started-at="2023-04-29T13:02:54 IST" name="Default test" finished-at="2023-04-29T13:03:11 IST" duration-ms="17381">
      <class name="Runner.RunnerIO">
        <test-method is-config="true" signature="setUpClass()[pri:0, instance:Runner.RunnerIO@6bd61f98]" started-at="2023-04-29T13:02:54 IST" name="setUpClass" finished-at="2023-04-29T13:02:54 IST" duration-ms="221" status="PASS">
          <reporter-output>
          </reporter-output>
        </test-method> <!-- setUpClass -->
        <test-method signature="runScenario(io.cucumber.testng.PickleWrapper,io.cucumber.testng.FeatureWrapper)[pri:0, instance:Runner.RunnerIO@6bd61f98]" started-at="2023-04-29T13:02:54 IST" name="runScenario" description="Runs Cucumber Scenarios" data-provider="scenarios" finished-at="2023-04-29T13:03:11 IST" duration-ms="17103" status="PASS">
          <params>
            <param index="0">
              <value>
                <![CDATA["Login to vtiger application"]]>
              </value>
            </param>
            <param index="1">
              <value>
                <![CDATA["Optional[Login to Vtiger application]"]]>
              </value>
            </param>
          </params>
          <reporter-output>
            <line>
              <![CDATA[validation pass]]>
            </line>
          </reporter-output>
        </test-method> <!-- runScenario -->
        <test-method is-config="true" signature="tearDownClass()[pri:0, instance:Runner.RunnerIO@6bd61f98]" started-at="2023-04-29T13:03:11 IST" name="tearDownClass" finished-at="2023-04-29T13:03:11 IST" duration-ms="13" status="PASS">
          <reporter-output>
          </reporter-output>
        </test-method> <!-- tearDownClass -->
      </class> <!-- Runner.RunnerIO -->
    </test> <!-- Default test -->
  </suite> <!-- Default suite -->
</testng-results>
